Filename                                      Regions    Missed Regions     Cover   Functions  Missed Functions  Executed       Lines      Missed Lines     Cover    Branches   Missed Branches     Cover
---------------------------------------------------------------------------------------------------------------------------------------------------------------------------------------------------------
Chap03/InsertionSortSt.rs                          17                 0   100.00%           1                 0   100.00%          10                 0   100.00%           0                 0         -
Chap05/MappingStEph.rs                             73                16    78.08%          13                 4    69.23%          34                 8    76.47%           0                 0         -
Chap05/RelationStEph.rs                            61                13    78.69%          11                 3    72.73%          32                 3    90.62%           0                 0         -
Chap05/SetStEph.rs                                275               111    59.64%          26                11    57.69%         155                63    59.35%           0                 0         -
Chap06/DirGraphMtEph.rs                           435               257    40.92%          35                18    48.57%         212               138    34.91%           0                 0         -
Chap06/DirGraphStEph.rs                           153                18    88.24%          20                 3    85.00%          67                 8    88.06%           0                 0         -
Chap06/LabDirGraphMtEph.rs                        216               108    50.00%          19                 8    57.89%         126                66    47.62%           0                 0         -
Chap06/LabDirGraphStEph.rs                        100                 0   100.00%          13                 0   100.00%          62                 0   100.00%           0                 0         -
Chap06/LabUnDirGraphMtEph.rs                      200                63    68.50%          22                 4    81.82%         108                37    65.74%           0                 0         -
Chap06/LabUnDirGraphStEph.rs                      131                 5    96.18%          19                 1    94.74%          70                 3    95.71%           0                 0         -
Chap06/UnDirGraphMtEph.rs                         255                46    81.96%          28                 3    89.29%         115                27    76.52%           0                 0         -
Chap06/UnDirGraphStEph.rs                         132                 0   100.00%          22                 0   100.00%          50                 0   100.00%           0                 0         -
Chap06/WeightedDirGraphMtEphFloat.rs              204               115    43.63%          15                 7    53.33%         112                63    43.75%           0                 0         -
Chap06/WeightedDirGraphMtEphInt.rs                201               114    43.28%          14                 7    50.00%          96                55    42.71%           0                 0         -
Chap06/WeightedDirGraphStEphFloat.rs              168                 0   100.00%          17                 0   100.00%          90                 0   100.00%           0                 0         -
Chap06/WeightedDirGraphStEphInt.rs                115                 0   100.00%          10                 0   100.00%          54                 0   100.00%           0                 0         -
Chap06/WeightedUnDirGraphMtEphFloat.rs            153                68    55.56%          12                 3    75.00%          81                37    54.32%           0                 0         -
Chap06/WeightedUnDirGraphMtEphInt.rs              150                68    54.67%          11                 3    72.73%          68                34    50.00%           0                 0         -
Chap06/WeightedUnDirGraphStEphFloat.rs            142                 1    99.30%          14                 0   100.00%          76                 1    98.68%           0                 0         -
Chap06/WeightedUnDirGraphStEphInt.rs              117                 1    99.15%           9                 0   100.00%          52                 1    98.08%           0                 0         -
Chap11/FibonacciMt.rs                              12                 0   100.00%           3                 0   100.00%           8                 0   100.00%           0                 0         -
Chap12/Exercise12_1.rs                             75                11    85.33%          10                 3    70.00%          43                 3    93.02%           0                 0         -
Chap12/Exercise12_2.rs                             27                 0   100.00%           3                 0   100.00%          11                 0   100.00%           0                 0         -
Chap12/Exercise12_5.rs                             87                 3    96.55%           8                 0   100.00%          58                 5    91.38%           0                 0         -
Chap17/MathSeq.rs                                 200                22    89.00%          28                 6    78.57%          93                10    89.25%           0                 0         -
Chap18/ArraySeq.rs                                430               104    75.81%          45                13    71.11%         186                38    79.57%           0                 0         -
Chap18/ArraySeqMtEph.rs                           467                25    94.65%          38                 4    89.47%         218                10    95.41%           0                 0         -
Chap18/ArraySeqMtPer.rs                           509                22    95.68%          41                 3    92.68%         230                 8    96.52%           0                 0         -
Chap18/ArraySeqStEph.rs                           376                32    91.49%          38                 6    84.21%         160                10    93.75%           0                 0         -
Chap18/ArraySeqStPer.rs                           409                16    96.09%          33                 2    93.94%         165                 3    98.18%           0                 0         -
Chap18/LinkedListStEph.rs                         512                37    92.77%          36                 5    86.11%         270                13    95.19%           0                 0         -
Chap18/LinkedListStPer.rs                         516                48    90.70%          35                 8    77.14%         267                22    91.76%           0                 0         -
Chap19/ArraySeqMtEph.rs                           339                10    97.05%          25                 0   100.00%         165                 9    94.55%           0                 0         -
Chap19/ArraySeqMtEphSlice.rs                      538                29    94.61%          43                 2    95.35%         261                16    93.87%           0                 0         -
Chap19/ArraySeqMtPer.rs                           329                33    89.97%          32                 2    93.75%         169                20    88.17%           0                 0         -
Chap19/ArraySeqStEph.rs                           254                 4    98.43%          26                 0   100.00%         128                 3    97.66%           0                 0         -
Chap19/ArraySeqStPer.rs                           211                 8    96.21%          28                 1    96.43%         110                 4    96.36%           0                 0         -
Chap21/Algorithm21_1.rs                            18                 2    88.89%           3                 0   100.00%          13                 1    92.31%           0                 0         -
Chap21/Algorithm21_2.rs                            26                 0   100.00%           4                 0   100.00%          25                 0   100.00%           0                 0         -
Chap21/Algorithm21_5.rs                            18                 0   100.00%           3                 0   100.00%          10                 0   100.00%           0                 0         -
Chap21/Algorithm21_6.rs                            59                 2    96.61%           5                 0   100.00%          30                 0   100.00%           0                 0         -
Chap21/Exercise21_5.rs                             22                 0   100.00%           3                 0   100.00%          16                 0   100.00%           0                 0         -
Chap21/Exercise21_7.rs                             38                 0   100.00%           7                 0   100.00%          23                 0   100.00%           0                 0         -
Chap21/Exercise21_8.rs                             24                 0   100.00%           3                 0   100.00%          12                 0   100.00%           0                 0         -
Chap21/Problem21_1.rs                              21                 0   100.00%           1                 0   100.00%          12                 0   100.00%           0                 0         -
Chap21/Problem21_3.rs                              24                 0   100.00%           1                 0   100.00%          13                 0   100.00%           0                 0         -
Chap21/Problem21_4.rs                              42                 0   100.00%           4                 0   100.00%          28                 0   100.00%           0                 0         -
Chap23/BalBinTreeStEph.rs                         111                29    73.87%          15                 7    53.33%          50                 7    86.00%           0                 0         -
Chap23/PrimTreeSeqSt.rs                           106                55    48.11%          16                 8    50.00%          48                26    45.83%           0                 0         -
Chap26/DivConReduceMt.rs                           35                 0   100.00%          10                 0   100.00%          23                 0   100.00%           0                 0         -
Chap26/DivConReduceSt.rs                           35                 0   100.00%          10                 0   100.00%          15                 0   100.00%           0                 0         -
Chap26/MergeSortMt.rs                             273                13    95.24%           9                 1    88.89%         116                 8    93.10%           0                 0         -
Chap26/MergeSortSt.rs                              92                 2    97.83%           3                 0   100.00%          53                 1    98.11%           0                 0         -
Chap27/ReduceContractMtEph.rs                      65                 1    98.46%           4                 0   100.00%          34                 1    97.06%           0                 0         -
Chap27/ReduceContractStEph.rs                      40                 1    97.50%           2                 0   100.00%          19                 1    94.74%           0                 0         -
Chap27/ScanContractMtEph.rs                        88                 1    98.86%           3                 0   100.00%          43                 1    97.67%           0                 0         -
Chap27/ScanContractStEph.rs                        60                 1    98.33%           3                 0   100.00%          25                 1    96.00%           0                 0         -
Chap28/MaxContigSubSumBruteStEph.rs                37                 2    94.59%           2                 0   100.00%          22                 2    90.91%           0                 0         -
Chap28/MaxContigSubSumDivConMtEph.rs              114                 5    95.61%           8                 0   100.00%          64                 5    92.19%           0                 0         -
Chap28/MaxContigSubSumDivConOptMtEph.rs            89                 3    96.63%           5                 0   100.00%          39                 3    92.31%           0                 0         -
Chap28/MaxContigSubSumDivConOptStEph.rs            74                 3    95.95%           3                 0   100.00%          32                 3    90.62%           0                 0         -
Chap28/MaxContigSubSumDivConStEph.rs               90                 5    94.44%           4                 0   100.00%          51                 5    90.20%           0                 0         -
Chap28/MaxContigSubSumOptMtEph.rs                  56                 0   100.00%           1                 0   100.00%          28                 0   100.00%           0                 0         -
Chap28/MaxContigSubSumOptStEph.rs                  55                 0   100.00%           1                 0   100.00%          28                 0   100.00%           0                 0         -
Chap28/MaxContigSubSumReducedStEph.rs              33                 2    93.94%           2                 0   100.00%          21                 2    90.48%           0                 0         -
Chap35/OrderStatSelectMtEph.rs                     88                 4    95.45%           3                 0   100.00%          53                 2    96.23%           0                 0         -
Chap35/OrderStatSelectMtPer.rs                     90                 4    95.56%           3                 0   100.00%          53                 2    96.23%           0                 0         -
Chap35/OrderStatSelectStEph.rs                     90                 4    95.56%           3                 0   100.00%          53                 2    96.23%           0                 0         -
Chap35/OrderStatSelectStPer.rs                     90                 4    95.56%           3                 0   100.00%          53                 2    96.23%           0                 0         -
Chap36/QuickSortMt.rs                             255                 2    99.22%          15                 0   100.00%         140                 2    98.57%           0                 0         -
Chap36/QuickSortMtSlice.rs                        246                 2    99.19%          18                 0   100.00%         143                 2    98.60%           0                 0         -
Chap36/QuickSortSt.rs                             271                 3    98.89%          10                 0   100.00%         129                 2    98.45%           0                 0         -
Chap37/AVLTreeSeq.rs                              501                53    89.42%          40                 1    97.50%         274                18    93.43%           0                 0         -
Chap37/AVLTreeSeqMtPer.rs                         358                95    73.46%          30                 2    93.33%         170                25    85.29%           0                 0         -
Chap37/AVLTreeSeqStEph.rs                         449                53    88.20%          35                 2    94.29%         240                19    92.08%           0                 0         -
Chap37/AVLTreeSeqStPer.rs                         375                91    75.73%          31                 2    93.55%         176                25    85.80%           0                 0         -
Chap37/BSTAVLMtEph.rs                             262                 8    96.95%          25                 0   100.00%         160                 9    94.38%           0                 0         -
Chap37/BSTAVLStEph.rs                             244                10    95.90%          26                 0   100.00%         143                11    92.31%           0                 0         -
Chap37/BSTBBAlphaMtEph.rs                         264                 1    99.62%          26                 0   100.00%         149                 1    99.33%           0                 0         -
Chap37/BSTBBAlphaStEph.rs                         297                62    79.12%          36                10    72.22%         153                25    83.66%           0                 0         -
Chap37/BSTPlainMtEph.rs                           222                 1    99.55%          20                 0   100.00%         122                 0   100.00%           0                 0         -
Chap37/BSTPlainStEph.rs                           107                 1    99.07%          16                 0   100.00%          61                 1    98.36%           0                 0         -
Chap37/BSTRBMtEph.rs                              312                18    94.23%          27                 0   100.00%         193                18    90.67%           0                 0         -
Chap37/BSTRBStEph.rs                              270                12    95.56%          27                 0   100.00%         159                12    92.45%           0                 0         -
Chap37/BSTSetAVLMtEph.rs                          324                 9    97.22%          48                 2    95.83%         155                 2    98.71%           0                 0         -
Chap37/BSTSetBBAlphaMtEph.rs                      324                 9    97.22%          48                 2    95.83%         155                 2    98.71%           0                 0         -
Chap37/BSTSetPlainMtEph.rs                        423                 9    97.87%          51                 2    96.08%         234                 2    99.15%           0                 0         -
Chap37/BSTSetRBMtEph.rs                           324                 9    97.22%          48                 2    95.83%         155                 2    98.71%           0                 0         -
Chap37/BSTSetSplayMtEph.rs                        324                 9    97.22%          48                 2    95.83%         155                 2    98.71%           0                 0         -
Chap37/BSTSplayMtEph.rs                           194                 0   100.00%          22                 0   100.00%         112                 0   100.00%           0                 0         -
Chap37/BSTSplayStEph.rs                           166                 5    96.99%          22                 1    95.45%          90                 3    96.67%           0                 0         -
Chap38/BSTParaMtEph.rs                            412                 7    98.30%          40                 0   100.00%         185                 2    98.92%           0                 0         -
Chap38/BSTParaStEph.rs                            222                 1    99.55%          20                 0   100.00%          98                 1    98.98%           0                 0         -
Chap39/BSTParaTreapMtEph.rs                       525                39    92.57%          45                 2    95.56%         229                19    91.70%           0                 0         -
Chap39/BSTSetTreapMtEph.rs                        324                 9    97.22%          48                 2    95.83%         155                 2    98.71%           0                 0         -
Chap39/BSTTreapMtEph.rs                           250                 8    96.80%          26                 1    96.15%         151                 7    95.36%           0                 0         -
Chap39/BSTTreapStEph.rs                           222                 5    97.75%          26                 0   100.00%         131                 6    95.42%           0                 0         -
Chap40/BSTKeyValueStEph.rs                        219                11    94.98%          25                 1    96.00%         128                10    92.19%           0                 0         -
Chap40/BSTReducedStEph.rs                         337                26    92.28%          40                 2    95.00%         187                15    91.98%           0                 0         -
Chap40/BSTSizeStEph.rs                            308                13    95.78%          31                 1    96.77%         177                11    93.79%           0                 0         -
Chap41/AVLTreeSetMtEph.rs                         338                35    89.64%          23                 2    91.30%         169                12    92.90%           0                 0         -
Chap41/AVLTreeSetMtPer.rs                         401               188    53.12%          33                15    54.55%         196                66    66.33%           0                 0         -
Chap41/AVLTreeSetStEph.rs                         245                31    87.35%          16                 2    87.50%         127                10    92.13%           0                 0         -
Chap41/AVLTreeSetStPer.rs                         221                17    92.31%          16                 3    81.25%         127                11    91.34%           0                 0         -
Chap41/ArraySetEnumMtEph.rs                       146                 6    95.89%          14                 0   100.00%          94                 0   100.00%           0                 0         -
Chap41/ArraySetStEph.rs                           137                 3    97.81%          16                 1    93.75%          80                 1    98.75%           0                 0         -
Chap41/Example41_3.rs                             384                 0   100.00%           6                 0   100.00%         129                 0   100.00%           0                 0         -
Chap42/Example42_1.rs                             357                12    96.64%          22                 6    72.73%         138                 6    95.65%           0                 0         -
Chap42/TableMtEph.rs                              903                93    89.70%          37                 0   100.00%         438                54    87.67%           0                 0         -
Chap42/TableStEph.rs                              325                16    95.08%          27                 0   100.00%         179                13    92.74%           0                 0         -
Chap42/TableStPer.rs                              318                 0   100.00%          28                 0   100.00%         186                 0   100.00%           0                 0         -
Chap43/AugOrderedTableMtEph.rs                    395                12    96.96%          39                 1    97.44%         217                 7    96.77%           0                 0         -
Chap43/AugOrderedTableStEph.rs                    351                 6    98.29%          36                 1    97.22%         190                 4    97.89%           0                 0         -
Chap43/AugOrderedTableStPer.rs                    370                 6    98.38%          32                 0   100.00%         225                 3    98.67%           0                 0         -
Chap43/Example43_1.rs                             347               126    63.69%           2                 1    50.00%         144                50    65.28%           0                 0         -
Chap43/OrderedSetMtEph.rs                         201                27    86.57%          25                 2    92.00%         119                13    89.08%           0                 0         -
Chap43/OrderedSetStEph.rs                         306                 9    97.06%          30                 1    96.67%         156                 8    94.87%           0                 0         -
Chap43/OrderedSetStPer.rs                         238                 0   100.00%          30                 0   100.00%         142                 0   100.00%           0                 0         -
Chap43/OrderedTableMtEph.rs                       392                12    96.94%          34                 3    91.18%         215                 6    97.21%           0                 0         -
Chap43/OrderedTableMtPer.rs                        45                 3    93.33%          11                 1    90.91%          39                 1    97.44%           0                 0         -
Chap43/OrderedTableStEph.rs                       385                12    96.88%          34                 3    91.18%         196                 6    96.94%           0                 0         -
Chap43/OrderedTableStPer.rs                       300                 2    99.33%          30                 1    96.67%         192                 1    99.48%           0                 0         -
Chap44/DocumentIndex.rs                           321                39    87.85%          24                 7    70.83%         143                28    80.42%           0                 0         -
Chap44/Example44_1.rs                             258                 7    97.29%          23                 1    95.65%         127                 7    94.49%           0                 0         -
Chap45/BalancedTreePQ.rs                          382                11    97.12%          29                 1    96.55%         226                 6    97.35%           0                 0         -
Chap45/BinaryHeapPQ.rs                            412                17    95.87%          29                 1    96.55%         202                 7    96.53%           0                 0         -
Chap45/Example45_2.rs                             170               170     0.00%           8                 8     0.00%          73                73     0.00%           0                 0         -
Chap45/HeapsortExample.rs                         315                 6    98.10%          26                 0   100.00%         201                 0   100.00%           0                 0         -
Chap45/LeftistHeapPQ.rs                           366                31    91.53%          34                 4    88.24%         210                14    93.33%           0                 0         -
Chap45/SortedListPQ.rs                            319               134    57.99%          21                11    47.62%         161                68    57.76%           0                 0         -
Chap45/UnsortedListPQ.rs                          204                13    93.63%          18                 2    88.89%         115                 5    95.65%           0                 0         -
Chap47/AdvancedDoubleHashing.rs                   318                44    86.16%          19                 2    89.47%         183                32    82.51%           0                 0         -
Chap47/AdvancedLinearProbing.rs                   187                22    88.24%          14                 1    92.86%         144                21    85.42%           0                 0         -
Chap47/AdvancedQuadraticProbing.rs                287                11    96.17%          19                 0   100.00%         215                12    94.42%           0                 0         -
Chap47/ClusteringAnalysis.rs                      457               166    63.68%          19                 4    78.95%         296                69    76.69%           0                 0         -
Chap47/DoubleHashing.rs                            62                 0   100.00%           5                 0   100.00%          38                 0   100.00%           0                 0         -
Chap47/FlatHashTable.rs                           405                34    91.60%          11                 0   100.00%         209                19    90.91%           0                 0         -
Chap47/HashExamples.rs                            245                 0   100.00%          14                 0   100.00%         259                 0   100.00%           0                 0         -
Chap47/HashFunctionTraits.rs                      255                13    94.90%          35                 2    94.29%         180                11    93.89%           0                 0         -
Chap47/LinearProbing.rs                            39                 0   100.00%           5                 0   100.00%          26                 0   100.00%           0                 0         -
Chap47/NestedHashTable.rs                         423                69    83.69%          15                 5    66.67%         220                38    82.73%           0                 0         -
Chap47/ProbeSequenceExamples.rs                   489                74    84.87%          17                 3    82.35%         287                30    89.55%           0                 0         -
Chap47/QuadraticProbing.rs                         48                 0   100.00%           6                 0   100.00%          34                 0   100.00%           0                 0         -
Chap47/SeparateChaining.rs                        442                10    97.74%           9                 0   100.00%         193                 7    96.37%           0                 0         -
Chap47clean/ChainedHashTable.rs                    36                 3    91.67%           3                 0   100.00%          18                 2    88.89%           0                 0         -
Chap47clean/DoubleHashFlatHashTable.rs            114                 9    92.11%           6                 0   100.00%          76                 9    88.16%           0                 0         -
Chap47clean/FlatHashTable.rs                       56                56     0.00%           6                 6     0.00%          30                30     0.00%           0                 0         -
Chap47clean/LinProbFlatHashTable.rs                81                16    80.25%           5                 0   100.00%          61                17    72.13%           0                 0         -
Chap47clean/LinkedListChainedHashTable.rs          74                 2    97.30%           8                 0   100.00%          43                 2    95.35%           0                 0         -
Chap47clean/ParaHashTableStEph.rs                  18                 1    94.44%           3                 0   100.00%          21                 1    95.24%           0                 0         -
Chap47clean/QuadProbFlatHashTable.rs               91                 2    97.80%           5                 0   100.00%          61                 2    96.72%           0                 0         -
Chap47clean/StructChainedHashTable.rs              75                 3    96.00%          10                 1    90.00%          53                 3    94.34%           0                 0         -
Chap47clean/VecChainedHashTable.rs                 60                 1    98.33%           9                 0   100.00%          36                 1    97.22%           0                 0         -
Chap49/MinEditDistMtEph.rs                        153                10    93.46%          16                 1    93.75%          88                 8    90.91%           0                 0         -
Chap49/MinEditDistMtPer.rs                        123                20    83.74%          11                 3    72.73%          72                13    81.94%           0                 0         -
Chap49/MinEditDistStEph.rs                        142                38    73.24%          19                 7    63.16%          83                29    65.06%           0                 0         -
Chap49/MinEditDistStPer.rs                        110                11    90.00%          12                 2    83.33%          65                 8    87.69%           0                 0         -
Chap49/SubsetSumMtEph.rs                          130                19    85.38%          13                 3    76.92%          80                12    85.00%           0                 0         -
Chap49/SubsetSumMtPer.rs                          111                 7    93.69%          10                 1    90.00%          70                 5    92.86%           0                 0         -
Chap49/SubsetSumStEph.rs                          100                15    85.00%          13                 3    76.92%          58                 4    93.10%           0                 0         -
Chap49/SubsetSumStPer.rs                           84                 5    94.05%           9                 1    88.89%          52                 1    98.08%           0                 0         -
Chap50/MatrixChainMtEph.rs                        254                34    86.61%          23                 4    82.61%         153                17    88.89%           0                 0         -
Chap50/MatrixChainMtPer.rs                        187                26    86.10%          19                 4    78.95%         108                12    88.89%           0                 0         -
Chap50/MatrixChainStEph.rs                        140                24    82.86%          20                 4    80.00%          87                10    88.51%           0                 0         -
Chap50/MatrixChainStPer.rs                        114                17    85.09%          15                 3    80.00%          72                 9    87.50%           0                 0         -
Chap50/OptBinSearchTreeMtEph.rs                   257                14    94.55%          25                 1    96.00%         156                 8    94.87%           0                 0         -
Chap50/OptBinSearchTreeMtPer.rs                   192                19    90.10%          21                 3    85.71%         110                 8    92.73%           0                 0         -
Chap50/OptBinSearchTreeStEph.rs                   138                23    83.33%          21                 4    80.95%          83                10    87.95%           0                 0         -
Chap50/OptBinSearchTreeStPer.rs                   114                13    88.60%          16                 2    87.50%          69                 8    88.41%           0                 0         -
Chap50/Probability.rs                              73                18    75.34%          17                 4    76.47%          32                 7    78.12%           0                 0         -
Chap51/BottomUpDPMtEph.rs                         189                 8    95.77%          16                 2    87.50%          90                 2    97.78%           0                 0         -
Chap51/BottomUpDPMtPer.rs                         179                 0   100.00%          14                 0   100.00%          88                 0   100.00%           0                 0         -
Chap51/BottomUpDPStEph.rs                         134                 0   100.00%          12                 0   100.00%          60                 0   100.00%           0                 0         -
Chap51/BottomUpDPStPer.rs                         128                 0   100.00%          10                 0   100.00%          59                 0   100.00%           0                 0         -
Chap51/TopDownDPMtEph.rs                          261                24    90.80%          21                 3    85.71%         121                13    89.26%           0                 0         -
Chap51/TopDownDPMtPer.rs                          243                10    95.88%          19                 1    94.74%         119                 8    93.28%           0                 0         -
Chap51/TopDownDPStEph.rs                          134                18    86.57%          15                 3    80.00%          60                 9    85.00%           0                 0         -
Chap51/TopDownDPStPer.rs                          128                 0   100.00%          13                 0   100.00%          65                 0   100.00%           0                 0         -
Chap52/AdjMatrixGraphMtPer.rs                     112               112     0.00%           7                 7     0.00%          72                72     0.00%           0                 0         -
Chap52/AdjMatrixGraphStEph.rs                     132                10    92.42%           9                 1    88.89%          81                 8    90.12%           0                 0         -
Chap52/AdjMatrixGraphStPer.rs                     157                11    92.99%           9                 1    88.89%          98                 8    91.84%           0                 0         -
Chap52/AdjSeqGraphMtPer.rs                         88                88     0.00%           7                 7     0.00%          49                49     0.00%           0                 0         -
Chap52/AdjSeqGraphStEph.rs                        127                18    85.83%           9                 2    77.78%          66                12    81.82%           0                 0         -
Chap52/AdjSeqGraphStPer.rs                        155                12    92.26%           9                 1    88.89%          82                 6    92.68%           0                 0         -
Chap52/AdjTableGraphMtPer.rs                      132                 9    93.18%          15                 2    86.67%          63                 4    93.65%           0                 0         -
Chap52/AdjTableGraphStEph.rs                      176                10    94.32%          18                 3    83.33%          79                 5    93.67%           0                 0         -
Chap52/AdjTableGraphStPer.rs                      166                 4    97.59%          12                 0   100.00%          74                 1    98.65%           0                 0         -
Chap52/EdgeSetGraphMtPer.rs                       113                13    88.50%          16                 4    75.00%          62                 6    90.32%           0                 0         -
Chap52/EdgeSetGraphStEph.rs                       118                11    90.68%          14                 3    78.57%          51                 5    90.20%           0                 0         -
Chap52/EdgeSetGraphStPer.rs                       108                 9    91.67%          15                 3    80.00%          61                 5    91.80%           0                 0         -
Chap53/GraphSearchMtPer.rs                         78                 1    98.72%           6                 0   100.00%          54                 1    98.15%           0                 0         -
Chap53/GraphSearchStEph.rs                         78                 1    98.72%           6                 0   100.00%          53                 1    98.11%           0                 0         -
Chap53/GraphSearchStPer.rs                         78                 1    98.72%           6                 0   100.00%          53                 1    98.11%           0                 0         -
Chap53/PQMinMtEph.rs                              116                 0   100.00%           5                 0   100.00%          62                 0   100.00%           0                 0         -
Chap53/PQMinMtPer.rs                              138                 0   100.00%           6                 0   100.00%          79                 0   100.00%           0                 0         -
Chap53/PQMinStEph.rs                              138                 0   100.00%           6                 0   100.00%          77                 0   100.00%           0                 0         -
Chap53/PQMinStPer.rs                              141                 0   100.00%           6                 0   100.00%          78                 0   100.00%           0                 0         -
Chap54/BFSMtEph.rs                                 54                 1    98.15%           1                 0   100.00%          27                 1    96.30%           0                 0         -
Chap54/BFSMtPer.rs                                 56                 1    98.21%           1                 0   100.00%          27                 1    96.30%           0                 0         -
Chap54/BFSStEph.rs                                 45                 1    97.78%           1                 0   100.00%          22                 1    95.45%           0                 0         -
Chap54/BFSStPer.rs                                 49                 1    97.96%           1                 0   100.00%          22                 1    95.45%           0                 0         -
Chap55/CycleDetectStEph.rs                         63                 0   100.00%           2                 0   100.00%          36                 0   100.00%           0                 0         -
Chap55/CycleDetectStPer.rs                         69                 0   100.00%           2                 0   100.00%          38                 0   100.00%           0                 0         -
Chap55/DFSStEph.rs                                 44                 0   100.00%           2                 0   100.00%          27                 0   100.00%           0                 0         -
Chap55/DFSStPer.rs                                 40                 0   100.00%           2                 0   100.00%          24                 0   100.00%           0                 0         -
Chap55/SCCStEph.rs                                151                 1    99.34%           6                 0   100.00%          78                 1    98.72%           0                 0         -
Chap55/SCCStPer.rs                                166                 1    99.40%           6                 0   100.00%          83                 0   100.00%           0                 0         -
Chap55/TopoSortStEph.rs                           108                46    57.41%           4                 2    50.00%          64                27    57.81%           0                 0         -
Chap55/TopoSortStPer.rs                           150                61    59.33%           4                 2    50.00%          81                33    59.26%           0                 0         -
Chap56/AllPairsResultStEphFloat.rs                116                 8    93.10%           7                 0   100.00%          64                 4    93.75%           0                 0         -
Chap56/AllPairsResultStEphInt.rs                  116                 8    93.10%           7                 0   100.00%          64                 4    93.75%           0                 0         -
Chap56/AllPairsResultStPerFloat.rs                111                 8    92.79%          10                 0   100.00%          69                 6    91.30%           0                 0         -
Chap56/AllPairsResultStPerInt.rs                  111                 8    92.79%          10                 0   100.00%          69                 6    91.30%           0                 0         -
Chap56/Example56_1.rs                              83                 6    92.77%           3                 0   100.00%          48                 3    93.75%           0                 0         -
Chap56/Example56_3.rs                              64                 6    90.62%           2                 0   100.00%          30                 3    90.00%           0                 0         -
Chap56/PathWeightUtilsStEph.rs                    142                10    92.96%           4                 0   100.00%          82                10    87.80%           0                 0         -
Chap56/PathWeightUtilsStPer.rs                    142                10    92.96%           4                 0   100.00%          82                10    87.80%           0                 0         -
Chap56/SSSPResultStEphFloat.rs                     80                 6    92.50%           7                 0   100.00%          52                 3    94.23%           0                 0         -
Chap56/SSSPResultStEphInt.rs                       80                 6    92.50%           7                 0   100.00%          52                 3    94.23%           0                 0         -
Chap56/SSSPResultStPerFloat.rs                     86                 6    93.02%           8                 0   100.00%          61                 5    91.80%           0                 0         -
Chap56/SSSPResultStPerInt.rs                       86                 6    93.02%           8                 0   100.00%          61                 5    91.80%           0                 0         -
Chap57/DijkstraStEphFloat.rs                       94                 7    92.55%           5                 1    80.00%          37                 2    94.59%           0                 0         -
Chap57/DijkstraStEphInt.rs                         93                 7    92.47%           5                 1    80.00%          37                 2    94.59%           0                 0         -
Chap57/StackStEph.rs                               26                 0   100.00%           7                 0   100.00%           7                 0   100.00%           0                 0         -
Chap58/BellmanFordStEphFloat.rs                   131                 2    98.47%           2                 0   100.00%          72                 2    97.22%           0                 0         -
Chap58/BellmanFordStEphInt.rs                     133                 2    98.50%           2                 0   100.00%          65                 2    96.92%           0                 0         -
Chap59/JohnsonMtEphFloat.rs                       202                18    91.09%          12                 4    66.67%         112                15    86.61%           0                 0         -
Chap59/JohnsonMtEphInt.rs                         198                17    91.41%          11                 3    72.73%         107                13    87.85%           0                 0         -
Chap59/JohnsonStEphFloat.rs                       141                16    88.65%           8                 3    62.50%          83                12    85.54%           0                 0         -
Chap59/JohnsonStEphInt.rs                         145                16    88.97%           8                 3    62.50%          80                12    85.00%           0                 0         -
Chap61/EdgeContractionMtEph.rs                    156                 2    98.72%           5                 0   100.00%          75                 2    97.33%           0                 0         -
Chap61/EdgeContractionStEph.rs                     80                 1    98.75%           2                 0   100.00%          36                 1    97.22%           0                 0         -
Chap61/VertexMatchingMtEph.rs                     195                 4    97.95%           8                 0   100.00%          98                 4    95.92%           0                 0         -
Chap61/VertexMatchingStEph.rs                      90                 0   100.00%           2                 0   100.00%          39                 0   100.00%           0                 0         -
Chap62/StarContractionMtEph.rs                    135                 1    99.26%           7                 0   100.00%          73                 1    98.63%           0                 0         -
Chap62/StarContractionStEph.rs                     69                 0   100.00%           4                 0   100.00%          36                 0   100.00%           0                 0         -
Chap62/StarPartitionMtEph.rs                      121                 2    98.35%           3                 0   100.00%          46                 0   100.00%           0                 0         -
Chap62/StarPartitionStEph.rs                       49                 0   100.00%           1                 0   100.00%          19                 0   100.00%           0                 0         -
Chap63/ConnectivityMtEph.rs                       229                44    80.79%          12                 3    75.00%         116                24    79.31%           0                 0         -
Chap63/ConnectivityStEph.rs                       155                 0   100.00%           8                 0   100.00%          71                 0   100.00%           0                 0         -
Chap64/SpanTreeMtEph.rs                            92                 3    96.74%           3                 0   100.00%          42                 2    95.24%           0                 0         -
Chap64/SpanTreeStEph.rs                            87                 2    97.70%           3                 0   100.00%          39                 1    97.44%           0                 0         -
Chap64/TSPApproxMtEph.rs                          176                 5    97.16%           7                 0   100.00%         107                 3    97.20%           0                 0         -
Chap64/TSPApproxStEph.rs                          176                 5    97.16%           7                 0   100.00%         107                 3    97.20%           0                 0         -
Chap65/KruskalStEph.rs                             72                 1    98.61%           4                 0   100.00%          37                 0   100.00%           0                 0         -
Chap65/PrimStEph.rs                               146                 9    93.84%           8                 1    87.50%          77                 4    94.81%           0                 0         -
Chap65/UnionFindStEph.rs                          203               104    48.77%          13                 7    46.15%          98                49    50.00%           0                 0         -
Chap66/BoruvkaMtEph.rs                            369                 8    97.83%          15                 2    86.67%         177                 6    96.61%           0                 0         -
Chap66/BoruvkaStEph.rs                            211                 4    98.10%           7                 2    71.43%          97                 2    97.94%           0                 0         -
Types.rs                                          177                16    90.96%          39                 3    92.31%          79                 8    89.87%           0                 0         -
main.rs                                             4                 4     0.00%           1                 1     0.00%           3                 3     0.00%           0                 0         -
---------------------------------------------------------------------------------------------------------------------------------------------------------------------------------------------------------
TOTAL                                           46673              4896    89.51%        3825               416    89.12%       24794              2520    89.84%           0                 0         -


Errors/Warnings:
warning: --no-run is deprecated, use `cargo llvm-cov report` subcommand instead
warning: 753 functions have mismatched data
