warning: /home/milnes/APASVERUS/APAS-AI/apas-ai/Cargo.toml: file `/home/milnes/APASVERUS/APAS-AI/apas-ai/benches/Chap05/BenchRelationStEph.rs` found to be present in multiple build targets:
  * `bench` target `BenchRelationStEph`
  * `bench` target `BenchRelationStEphChap5_2`
   Compiling apas-ai v0.1.0 (/home/milnes/APASVERUS/APAS-AI/apas-ai)
error[E0433]: failed to resolve: could not find `LinkedListStEph` in `apas_ai`
 --> benches/Chap18/BenchLinkedListStEph.rs:2:14
  |
2 | use apas_ai::LinkedListStEph::LinkedListStEph::*;
  |              ^^^^^^^^^^^^^^^ could not find `LinkedListStEph` in `apas_ai`

error[E0412]: cannot find type `LinkedListStEphS` in this scope
  --> benches/Chap18/BenchLinkedListStEph.rs:16:24
   |
16 |             let mut s: LinkedListStEphS<N> = LinkedListStEphSLit![0; len]; // *Eph: constructor + set pattern
   |                        ^^^^^^^^^^^^^^^^ not found in this scope
   |
help: consider importing this struct
   |
2  + use apas_ai::Chap18::LinkedListStEph::LinkedListStEph::LinkedListStEphS;
   |

error[E0405]: cannot find trait `LinkedListStEphTrait` in this scope
  --> benches/Chap18/BenchLinkedListStEph.rs:18:49
   |
18 |                 let _ = <LinkedListStEphS<N> as LinkedListStEphTrait<N>>::set(&mut s, i, i);
   |                                                 ^^^^^^^^^^^^^^^^^^^^ not found in this scope
   |
help: consider importing this trait
   |
2  + use apas_ai::Chap18::LinkedListStEph::LinkedListStEph::LinkedListStEphTrait;
   |

error[E0412]: cannot find type `LinkedListStEphS` in this scope
  --> benches/Chap18/BenchLinkedListStEph.rs:18:26
   |
18 |                 let _ = <LinkedListStEphS<N> as LinkedListStEphTrait<N>>::set(&mut s, i, i);
   |                          ^^^^^^^^^^^^^^^^ not found in this scope
   |
help: consider importing this struct
   |
2  + use apas_ai::Chap18::LinkedListStEph::LinkedListStEph::LinkedListStEphS;
   |

error[E0405]: cannot find trait `LinkedListStEphTrait` in this scope
  --> benches/Chap18/BenchLinkedListStEph.rs:20:47
   |
20 |             black_box(<LinkedListStEphS<N> as LinkedListStEphTrait<N>>::length(&s))
   |                                               ^^^^^^^^^^^^^^^^^^^^ not found in this scope
   |
help: consider importing this trait
   |
2  + use apas_ai::Chap18::LinkedListStEph::LinkedListStEph::LinkedListStEphTrait;
   |

error[E0412]: cannot find type `LinkedListStEphS` in this scope
  --> benches/Chap18/BenchLinkedListStEph.rs:20:24
   |
20 |             black_box(<LinkedListStEphS<N> as LinkedListStEphTrait<N>>::length(&s))
   |                        ^^^^^^^^^^^^^^^^ not found in this scope
   |
help: consider importing this struct
   |
2  + use apas_ai::Chap18::LinkedListStEph::LinkedListStEph::LinkedListStEphS;
   |

error[E0433]: failed to resolve: could not find `Chap6` in `apas_ai`
 --> benches/Chap06/BenchLabDirGraphStEph.rs:3:14
  |
3 | use apas_ai::Chap6::LabDirGraphStEph::LabDirGraphStEph::*;
  |              ^^^^^ could not find `Chap6` in `apas_ai`

error[E0433]: failed to resolve: could not find `BSTTreapMtEph` in `apas_ai`
 --> benches/Chap39/BenchBSTTreapMtEph.rs:4:14
  |
4 | use apas_ai::BSTTreapMtEph::BSTTreapMtEph::BSTreeTreap;
  |              ^^^^^^^^^^^^^ could not find `BSTTreapMtEph` in `apas_ai`

error[E0433]: failed to resolve: could not find `Chap6` in `apas_ai`
 --> benches/Chap06/BenchLabUnDirGraphStEph.rs:3:14
  |
3 | use apas_ai::Chap6::LabUnDirGraphStEph::LabUnDirGraphStEph::*;
  |              ^^^^^ could not find `Chap6` in `apas_ai`

error[E0433]: failed to resolve: could not find `LinkedListStPer` in `apas_ai`
 --> benches/Chap18/BenchLinkedListStPer.rs:2:14
  |
2 | use apas_ai::LinkedListStPer::LinkedListStPer::*;
  |              ^^^^^^^^^^^^^^^ could not find `LinkedListStPer` in `apas_ai`

For more information about this error, try `rustc --explain E0433`.
error[E0433]: failed to resolve: could not find `Chapter36Mt` in `apas_ai`
 --> benches/Chap36/BenchChapter36Mt.rs:4:14
  |
4 | use apas_ai::Chapter36Mt::Chapter36Mt::Chapter36MtTrait;
  |              ^^^^^^^^^^^ could not find `Chapter36Mt` in `apas_ai`

error[E0433]: failed to resolve: use of undeclared type `LabDirGraphStEph`
  --> benches/Chap06/BenchLabDirGraphStEph.rs:13:33
   |
13 |             b.iter(|| black_box(LabDirGraphStEph::<i32, &str>::empty()))
   |                                 ^^^^^^^^^^^^^^^^ use of undeclared type `LabDirGraphStEph`
   |
help: consider importing this struct
   |
2  + use apas_ai::Chap06::LabDirGraphStEph::LabDirGraphStEph::LabDirGraphStEph;
   |

error[E0433]: failed to resolve: use of undeclared type `LabDirGraphStEph`
  --> benches/Chap06/BenchLabDirGraphStEph.rs:23:31
   |
23 |                     black_box(LabDirGraphStEph::from_vertices_and_labeled_arcs(
   |                               ^^^^^^^^^^^^^^^^ use of undeclared type `LabDirGraphStEph`
   |
help: consider importing this struct
   |
2  + use apas_ai::Chap06::LabDirGraphStEph::LabDirGraphStEph::LabDirGraphStEph;
   |

error[E0433]: failed to resolve: use of undeclared type `LabDirGraphStEph`
  --> benches/Chap06/BenchLabDirGraphStEph.rs:41:29
   |
41 |                 let mut g = LabDirGraphStEph::<i32, &str>::empty();
   |                             ^^^^^^^^^^^^^^^^ use of undeclared type `LabDirGraphStEph`
   |
help: consider importing this struct
   |
2  + use apas_ai::Chap06::LabDirGraphStEph::LabDirGraphStEph::LabDirGraphStEph;
   |

error[E0433]: failed to resolve: use of undeclared type `LabDirGraphStEph`
  --> benches/Chap06/BenchLabDirGraphStEph.rs:59:29
   |
59 |                 let mut g = LabDirGraphStEph::<i32, &str>::empty();
   |                             ^^^^^^^^^^^^^^^^ use of undeclared type `LabDirGraphStEph`
   |
help: consider importing this struct
   |
2  + use apas_ai::Chap06::LabDirGraphStEph::LabDirGraphStEph::LabDirGraphStEph;
   |

error[E0433]: failed to resolve: use of undeclared type `LabDirGraphStEph`
  --> benches/Chap06/BenchLabDirGraphStEph.rs:76:25
   |
76 |             let mut g = LabDirGraphStEph::<i32, &str>::empty();
   |                         ^^^^^^^^^^^^^^^^ use of undeclared type `LabDirGraphStEph`
   |
help: consider importing this struct
   |
2  + use apas_ai::Chap06::LabDirGraphStEph::LabDirGraphStEph::LabDirGraphStEph;
   |

error[E0433]: failed to resolve: use of undeclared type `LabDirGraphStEph`
   --> benches/Chap06/BenchLabDirGraphStEph.rs:100:25
    |
100 |             let mut g = LabDirGraphStEph::<i32, &str>::empty();
    |                         ^^^^^^^^^^^^^^^^ use of undeclared type `LabDirGraphStEph`
    |
help: consider importing this struct
    |
2   + use apas_ai::Chap06::LabDirGraphStEph::LabDirGraphStEph::LabDirGraphStEph;
    |

error[E0433]: failed to resolve: use of undeclared type `LabDirGraphStEph`
   --> benches/Chap06/BenchLabDirGraphStEph.rs:126:25
    |
126 |             let mut g = LabDirGraphStEph::<i32, &str>::empty();
    |                         ^^^^^^^^^^^^^^^^ use of undeclared type `LabDirGraphStEph`
    |
help: consider importing this struct
    |
2   + use apas_ai::Chap06::LabDirGraphStEph::LabDirGraphStEph::LabDirGraphStEph;
    |

error[E0433]: failed to resolve: use of undeclared type `LabDirGraphStEph`
   --> benches/Chap06/BenchLabDirGraphStEph.rs:153:25
    |
153 |             let mut g = LabDirGraphStEph::<i32, &str>::empty();
    |                         ^^^^^^^^^^^^^^^^ use of undeclared type `LabDirGraphStEph`
    |
help: consider importing this struct
    |
2   + use apas_ai::Chap06::LabDirGraphStEph::LabDirGraphStEph::LabDirGraphStEph;
    |

error[E0433]: failed to resolve: use of undeclared type `LabDirGraphStEph`
   --> benches/Chap06/BenchLabDirGraphStEph.rs:180:25
    |
180 |             let mut g = LabDirGraphStEph::<i32, &str>::empty();
    |                         ^^^^^^^^^^^^^^^^ use of undeclared type `LabDirGraphStEph`
    |
help: consider importing this struct
    |
2   + use apas_ai::Chap06::LabDirGraphStEph::LabDirGraphStEph::LabDirGraphStEph;
    |

error[E0412]: cannot find type `LabDirGraphStEph` in this scope
   --> benches/Chap06/BenchLabDirGraphStEph.rs:198:20
    |
198 |             let g: LabDirGraphStEph<i32, &str> = LabDirGraphStEphLit!();
    |                    ^^^^^^^^^^^^^^^^ not found in this scope
    |
help: consider importing this struct
    |
2   + use apas_ai::Chap06::LabDirGraphStEph::LabDirGraphStEph::LabDirGraphStEph;
    |

error[E0308]: mismatched types
   --> benches/Chap19/BenchArraySeqMtPer.rs:16:95
    |
16  |             let s: ArraySeqMtPerS<N> = <ArraySeqMtPerS<N> as ArraySeqMtPerTrait<N>>::tabulate(|i| i, len);
    |                                        ------------------------------------------------------ ^^^^^ expected `&_`, found closure
    |                                        |
    |                                        arguments to this function are incorrect
    |
    = note: expected reference `&_`
                 found closure `{closure@benches/Chap19/BenchArraySeqMtPer.rs:16:95: 16:98}`
note: associated function defined here
   --> /home/milnes/APASVERUS/APAS-AI/apas-ai/src/Chap18/ArraySeqMtPer.rs:122:12
    |
122 |         fn tabulate<F: Fn(N) -> T + Send + Sync>(f: &F, n: N) -> ArraySeqMtPerS<T>;
    |            ^^^^^^^^
help: consider borrowing here
    |
16  |             let s: ArraySeqMtPerS<N> = <ArraySeqMtPerS<N> as ArraySeqMtPerTrait<N>>::tabulate(&|i| i, len);
    |                                                                                               +

error: could not compile `apas-ai` (bench "BenchBSTTreapMtEph") due to 1 previous error
warning: build failed, waiting for other jobs to finish...
Some errors have detailed explanations: E0405, E0412, E0433.
For more information about an error, try `rustc --explain E0405`.
error: could not compile `apas-ai` (bench "BenchLinkedListStEph") due to 6 previous errors
For more information about this error, try `rustc --explain E0308`.
error[E0412]: cannot find type `ArraySeqMtEphS` in this scope
 --> benches/Chap36/BenchChapter36Mt.rs:8:26
  |
8 | fn gen_data(n: usize) -> ArraySeqMtEphS<i32> {
  |                          ^^^^^^^^^^^^^^ not found in this scope
  |
help: consider importing one of these items
  |
2 + use crate::Chap18::ArraySeqMtEph::ArraySeqMtEph::ArraySeqMtEphS;
  |
2 + use crate::Chap19::ArraySeqMtEph::ArraySeqMtEph::ArraySeqMtEphS;
  |
2 + use apas_ai::Chap18::ArraySeqMtEph::ArraySeqMtEph::ArraySeqMtEphS;
  |
2 + use apas_ai::Chap19::ArraySeqMtEph::ArraySeqMtEph::ArraySeqMtEphS;
  |

error[E0433]: failed to resolve: use of undeclared type `LabUnDirGraphStEph`
  --> benches/Chap06/BenchLabUnDirGraphStEph.rs:13:33
   |
13 |             b.iter(|| black_box(LabUnDirGraphStEph::<i32, &str>::empty()))
   |                                 ^^^^^^^^^^^^^^^^^^ use of undeclared type `LabUnDirGraphStEph`
   |
help: consider importing this struct
   |
2  + use apas_ai::Chap06::LabUnDirGraphStEph::LabUnDirGraphStEph::LabUnDirGraphStEph;
   |

error[E0433]: failed to resolve: use of undeclared type `LabUnDirGraphStEph`
  --> benches/Chap06/BenchLabUnDirGraphStEph.rs:23:31
   |
23 |                     black_box(LabUnDirGraphStEph::from_vertices_and_labeled_edges(
   |                               ^^^^^^^^^^^^^^^^^^ use of undeclared type `LabUnDirGraphStEph`
   |
help: consider importing this struct
   |
2  + use apas_ai::Chap06::LabUnDirGraphStEph::LabUnDirGraphStEph::LabUnDirGraphStEph;
   |

error[E0433]: failed to resolve: use of undeclared type `LabUnDirGraphStEph`
  --> benches/Chap06/BenchLabUnDirGraphStEph.rs:41:29
   |
41 |                 let mut g = LabUnDirGraphStEph::<i32, &str>::empty();
   |                             ^^^^^^^^^^^^^^^^^^ use of undeclared type `LabUnDirGraphStEph`
   |
help: consider importing this struct
   |
2  + use apas_ai::Chap06::LabUnDirGraphStEph::LabUnDirGraphStEph::LabUnDirGraphStEph;
   |

error[E0433]: failed to resolve: use of undeclared type `LabUnDirGraphStEph`
  --> benches/Chap06/BenchLabUnDirGraphStEph.rs:59:29
   |
59 |                 let mut g = LabUnDirGraphStEph::<i32, &str>::empty();
   |                             ^^^^^^^^^^^^^^^^^^ use of undeclared type `LabUnDirGraphStEph`
   |
help: consider importing this struct
   |
2  + use apas_ai::Chap06::LabUnDirGraphStEph::LabUnDirGraphStEph::LabUnDirGraphStEph;
   |

error[E0433]: failed to resolve: use of undeclared type `LabUnDirGraphStEph`
  --> benches/Chap06/BenchLabUnDirGraphStEph.rs:76:25
   |
76 |             let mut g = LabUnDirGraphStEph::<i32, &str>::empty();
   |                         ^^^^^^^^^^^^^^^^^^ use of undeclared type `LabUnDirGraphStEph`
   |
help: consider importing this struct
   |
2  + use apas_ai::Chap06::LabUnDirGraphStEph::LabUnDirGraphStEph::LabUnDirGraphStEph;
   |

error[E0433]: failed to resolve: use of undeclared type `LabUnDirGraphStEph`
   --> benches/Chap06/BenchLabUnDirGraphStEph.rs:100:25
    |
100 |             let mut g = LabUnDirGraphStEph::<i32, &str>::empty();
    |                         ^^^^^^^^^^^^^^^^^^ use of undeclared type `LabUnDirGraphStEph`
    |
help: consider importing this struct
    |
2   + use apas_ai::Chap06::LabUnDirGraphStEph::LabUnDirGraphStEph::LabUnDirGraphStEph;
    |

error[E0433]: failed to resolve: use of undeclared type `LabUnDirGraphStEph`
   --> benches/Chap06/BenchLabUnDirGraphStEph.rs:126:25
    |
126 |             let mut g = LabUnDirGraphStEph::<i32, &str>::empty();
    |                         ^^^^^^^^^^^^^^^^^^ use of undeclared type `LabUnDirGraphStEph`
    |
help: consider importing this struct
    |
2   + use apas_ai::Chap06::LabUnDirGraphStEph::LabUnDirGraphStEph::LabUnDirGraphStEph;
    |

error[E0433]: failed to resolve: use of undeclared type `LabUnDirGraphStEph`
   --> benches/Chap06/BenchLabUnDirGraphStEph.rs:156:25
    |
156 |             let mut g = LabUnDirGraphStEph::<i32, &str>::empty();
    |                         ^^^^^^^^^^^^^^^^^^ use of undeclared type `LabUnDirGraphStEph`
    |
help: consider importing this struct
    |
2   + use apas_ai::Chap06::LabUnDirGraphStEph::LabUnDirGraphStEph::LabUnDirGraphStEph;
    |

error[E0412]: cannot find type `LabUnDirGraphStEph` in this scope
   --> benches/Chap06/BenchLabUnDirGraphStEph.rs:174:20
    |
174 |             let g: LabUnDirGraphStEph<i32, &str> = LabUnDirGraphStEphLit!();
    |                    ^^^^^^^^^^^^^^^^^^ not found in this scope
    |
help: consider importing this struct
    |
2   + use apas_ai::Chap06::LabUnDirGraphStEph::LabUnDirGraphStEph::LabUnDirGraphStEph;
    |

error[E0433]: failed to resolve: use of undeclared type `LabUnDirGraphStEph`
   --> benches/Chap06/BenchLabUnDirGraphStEph.rs:197:29
    |
197 |                 let mut g = LabUnDirGraphStEph::<i32, &str>::empty();
    |                             ^^^^^^^^^^^^^^^^^^ use of undeclared type `LabUnDirGraphStEph`
    |
help: consider importing this struct
    |
2   + use apas_ai::Chap06::LabUnDirGraphStEph::LabUnDirGraphStEph::LabUnDirGraphStEph;
    |

error: could not compile `apas-ai` (bench "BenchArraySeqMtPer") due to 1 previous error
error[E0412]: cannot find type `LinkedListStPerS` in this scope
  --> benches/Chap18/BenchLinkedListStPer.rs:18:24
   |
18 |             let mut s: LinkedListStPerS<N> = LinkedListStPerSLit![0; len]; // *Per: from_vec pattern
   |                        ^^^^^^^^^^^^^^^^ not found in this scope
   |
help: consider importing this struct
   |
2  + use apas_ai::Chap18::LinkedListStPer::LinkedListStPer::LinkedListStPerS;
   |

error[E0405]: cannot find trait `LinkedListStPerTrait` in this scope
  --> benches/Chap18/BenchLinkedListStPer.rs:20:45
   |
20 |                 s = <LinkedListStPerS<N> as LinkedListStPerTrait<N>>::set(&s, i, i).unwrap();
   |                                             ^^^^^^^^^^^^^^^^^^^^ not found in this scope
   |
help: consider importing this trait
   |
2  + use apas_ai::Chap18::LinkedListStPer::LinkedListStPer::LinkedListStPerTrait;
   |

error[E0412]: cannot find type `LinkedListStPerS` in this scope
  --> benches/Chap18/BenchLinkedListStPer.rs:20:22
   |
20 |                 s = <LinkedListStPerS<N> as LinkedListStPerTrait<N>>::set(&s, i, i).unwrap();
   |                      ^^^^^^^^^^^^^^^^ not found in this scope
   |
help: consider importing this struct
   |
2  + use apas_ai::Chap18::LinkedListStPer::LinkedListStPer::LinkedListStPerS;
   |

error[E0405]: cannot find trait `LinkedListStPerTrait` in this scope
  --> benches/Chap18/BenchLinkedListStPer.rs:22:47
   |
22 |             black_box(<LinkedListStPerS<N> as LinkedListStPerTrait<N>>::length(&s))
   |                                               ^^^^^^^^^^^^^^^^^^^^ not found in this scope
   |
help: consider importing this trait
   |
2  + use apas_ai::Chap18::LinkedListStPer::LinkedListStPer::LinkedListStPerTrait;
   |

error[E0412]: cannot find type `LinkedListStPerS` in this scope
  --> benches/Chap18/BenchLinkedListStPer.rs:22:24
   |
22 |             black_box(<LinkedListStPerS<N> as LinkedListStPerTrait<N>>::length(&s))
   |                        ^^^^^^^^^^^^^^^^ not found in this scope
   |
help: consider importing this struct
   |
2  + use apas_ai::Chap18::LinkedListStPer::LinkedListStPer::LinkedListStPerS;
   |

Some errors have detailed explanations: E0412, E0433.
For more information about an error, try `rustc --explain E0412`.
error: could not compile `apas-ai` (bench "BenchLabDirGraphStEph") due to 11 previous errors
error: could not compile `apas-ai` (bench "BenchChapter36Mt") due to 2 previous errors
error: could not compile `apas-ai` (bench "BenchLinkedListStPer") due to 6 previous errors
error: could not compile `apas-ai` (bench "BenchLabUnDirGraphStEph") due to 11 previous errors
